2025-04-05 15:19:07,357 - INFO - Приложение запущено.
2025-04-05 15:19:32,585 - INFO - Параметры генерации: n=3, m=3, solution_type=1, export=True, export_format=txt
2025-04-05 15:19:32,585 - INFO - Генерация задачи: n=3, m=3
2025-04-05 15:19:32,585 - INFO - Сгенерированные значения: поставщики=[11, 90, 24], потребители=[30, 27, 16]
2025-04-05 15:19:32,586 - INFO - Запуск алгоритма решения транспортной задачи.
2025-04-05 15:19:32,586 - INFO - Алгоритм решения завершён успешно.
2025-04-05 15:19:59,251 - INFO - Экспорт результата в формате txt, файл: /home/mikella/Documents/Solve1
2025-04-05 15:19:59,252 - INFO - Экспорт выполнен успешно.
2025-04-05 15:19:59,252 - INFO - Экспорт выполнен успешно.
2025-04-05 15:21:17,767 - INFO - Входные данные для решения: suppliers=[11.0, 90.0, 24.0], consumers=[30.0, 27.0, 16.0], solution_type=1, export=True, export_format=txt
2025-04-05 15:21:17,767 - INFO - Запуск алгоритма решения транспортной задачи.
2025-04-05 15:21:17,767 - INFO - Алгоритм решения завершён успешно.
2025-04-05 15:21:25,912 - INFO - Экспорт результата в формате txt, файл: /home/mikella/Documents/Solve1.1
2025-04-05 15:21:25,912 - INFO - Экспорт выполнен успешно.
2025-04-05 15:21:25,912 - INFO - Экспорт выполнен успешно.
2025-04-05 15:26:05,712 - INFO - Приложение запущено.
2025-04-05 15:26:18,380 - INFO - Параметры генерации: n=3, m=3, solution_type=2, export=True, export_format=txt
2025-04-05 15:27:55,127 - INFO - Приложение запущено.
2025-04-05 15:32:50,161 - INFO - Параметры генерации: n=3, m=3, solution_type=2, export=True, export_format=txt
2025-04-05 15:33:33,724 - INFO - Приложение запущено.
2025-04-05 15:33:42,750 - INFO - Параметры генерации: n=3, m=3, solution_type=2, export=True, export_format=txt
2025-04-05 15:34:07,891 - INFO - Приложение запущено.
2025-04-05 15:34:17,024 - INFO - Параметры генерации: n=3, m=3, solution_type=2, export=True, export_format=txt
2025-04-05 15:34:17,024 - INFO - Генерация транспортной задачи: n=3, m=3
2025-04-05 15:34:17,024 - INFO - Сгенерированные поставщики: [51, 34, 80], потребители: [31, 38, 24]
2025-04-05 15:37:10,247 - INFO - Приложение запущено.
2025-04-05 15:37:16,898 - INFO - Параметры генерации: n=3, m=3, solution_type=2, export=True, export_format=txt
2025-04-05 15:37:16,898 - INFO - Генерация транспортной задачи: n=3, m=3
2025-04-05 15:37:16,898 - INFO - Сгенерированные поставщики: [37, 67, 47], потребители: [99, 43, 39]
2025-04-05 15:39:03,710 - INFO - Приложение запущено.
2025-04-05 15:39:11,196 - INFO - Параметры генерации: n=3, m=3, solution_type=2, export=True, export_format=txt
2025-04-05 15:39:11,196 - INFO - Генерация транспортной задачи: n=3, m=3
2025-04-05 15:39:11,196 - INFO - Сгенерированные поставщики: [28, 66, 32], потребители: [47, 64, 24]
2025-04-05 15:39:27,791 - ERROR - Ошибка экспорта: 'TransportationModel' object has no attribute 'export_result'
2025-04-05 23:53:08,224 - INFO - Приложение запущено.
2025-04-05 23:53:23,241 - INFO - Параметры генерации: n=3, m=3, solution_type=2, export=True, export_format=txt
2025-04-05 23:53:23,242 - INFO - Генерация транспортной задачи: n=3, m=3
2025-04-05 23:53:23,242 - INFO - Сгенерированные поставщики: [37, 12, 57], потребители: [59, 80, 73]
2025-04-05 23:54:27,488 - ERROR - Ошибка экспорта: 'TransportationModel' object has no attribute 'export_result'
2025-04-05 23:54:49,185 - INFO - Приложение запущено.
2025-04-05 23:54:57,061 - INFO - Параметры генерации: n=3, m=3, solution_type=2, export=True, export_format=txt
2025-04-05 23:54:57,061 - INFO - Генерация транспортной задачи: n=3, m=3
2025-04-05 23:54:57,062 - INFO - Сгенерированные поставщики: [43, 42, 69], потребители: [98, 12, 62]
2025-04-05 23:55:00,211 - INFO - Экспорт результата в формате txt, файл: /home/mikella/Documents/Projects/TPGenSolve/Solve2
2025-04-05 23:55:00,212 - INFO - Экспорт выполнен успешно.
2025-04-05 23:56:51,443 - INFO - Параметры генерации: n=3, m=3, solution_type=2, export=True, export_format=txt
2025-04-05 23:56:51,444 - INFO - Генерация транспортной задачи: n=3, m=3
2025-04-05 23:56:51,444 - INFO - Сгенерированные поставщики: [13, 21, 37], потребители: [39, 74, 87]
2025-04-05 23:59:57,764 - INFO - Приложение запущено.
2025-04-06 00:00:06,749 - INFO - Генерация транспортной задачи: n=3, m=3
2025-04-06 00:00:06,750 - INFO - Сгенерированные поставщики: [95, 69, 81], потребители: [22, 66, 46]
2025-04-06 00:00:22,587 - INFO - Экспорт результата в формате txt, файл: /home/mikella/Documents/Projects/TPGenSolve/Generate1
2025-04-06 00:06:48,402 - INFO - Приложение запущено.
2025-04-06 00:07:01,690 - INFO - Генерация транспортной задачи: n=3, m=3
2025-04-06 00:07:01,691 - INFO - Сгенерированные поставщики: [11, 78, 42], потребители: [59, 83, 64]
2025-04-06 00:07:08,389 - INFO - Экспорт результата в формате txt, файл: /home/mikella/Documents/Projects/TPGenSolve/Gen1
2025-04-06 00:08:32,278 - INFO - Приложение запущено.
2025-04-06 00:08:42,305 - INFO - Генерация транспортной задачи: n=3, m=3
2025-04-06 00:08:42,306 - INFO - Сгенерированные поставщики: [92, 14, 57], потребители: [60, 45, 69]
2025-04-06 00:08:45,044 - INFO - Экспорт результата в формате txt, файл: /home/mikella/Documents/Projects/TPGenSolve/п1
2025-04-06 00:14:24,379 - INFO - Приложение запущено.
2025-04-06 00:14:52,740 - INFO - Генерация транспортной задачи: n=3, m=3
2025-04-06 00:14:52,740 - INFO - Сгенерированные поставщики: [20, 26, 73], потребители: [36, 55, 62]
2025-04-06 00:14:56,333 - INFO - Экспорт результата в формате txt, файл: /home/mikella/Documents/Projects/TPGenSolve/п1
2025-04-06 00:19:12,936 - INFO - Приложение запущено.
2025-04-06 00:23:35,319 - INFO - Приложение запущено.
2025-04-06 00:23:51,061 - INFO - Генерация транспортной задачи: n=3, m=3
2025-04-06 00:23:51,061 - INFO - Сгенерированные поставщики: [96, 53, 51], потребители: [53, 33, 20]
2025-04-06 00:23:55,908 - INFO - Экспорт результата в формате txt, файл: /home/mikella/Documents/Projects/TPGenSolve/п1
2025-04-06 00:29:02,324 - INFO - Приложение запущено.
2025-04-06 00:29:18,518 - INFO - Генерация сбалансированной транспортной задачи: n=3, m=3
2025-04-06 00:30:25,574 - INFO - Приложение запущено.
2025-04-06 00:30:35,419 - INFO - Генерация сбалансированной транспортной задачи: n=3, m=3
2025-04-06 00:30:35,419 - INFO - Сгенерированные поставщики: [53, 18, 100], потребители: [4, 19, 148]
2025-04-06 00:30:38,270 - INFO - Экспорт результата в формате txt, файл: /home/mikella/Documents/Projects/TPGenSolve/п1
2025-04-06 00:32:29,627 - INFO - Генерация сбалансированной транспортной задачи: n=3, m=4
2025-04-06 00:32:29,627 - INFO - Сгенерированные поставщики: [85, 64, 14], потребители: [8, 16, 32, 107]
2025-04-06 00:32:32,633 - INFO - Экспорт результата в формате txt, файл: /home/mikella/Documents/Projects/TPGenSolve/п2
2025-04-06 00:37:32,331 - INFO - Приложение запущено.
2025-04-06 00:37:42,936 - INFO - Генерация сбалансированной транспортной задачи: n=3, m=3
2025-04-06 00:37:42,937 - INFO - Сгенерированные поставщики: [98, 45, 74], потребители: [143, 47, 27]
2025-04-06 00:38:55,359 - INFO - Приложение запущено.
2025-04-06 00:39:05,104 - INFO - Генерация сбалансированной транспортной задачи: n=3, m=3
2025-04-06 00:39:05,104 - INFO - Сгенерированные поставщики: [86, 20, 23], потребители: [56, 67, 6]
2025-04-06 00:39:08,262 - INFO - Экспорт результата в формате txt, файл: /home/mikella/Documents/Projects/TPGenSolve/g1
2025-04-06 00:46:07,012 - INFO - Приложение запущено.
2025-04-06 00:46:18,275 - INFO - Генерация сбалансированной транспортной задачи: n=3, m=3
2025-04-06 00:46:18,275 - INFO - Сгенерированные поставщики: [23, 77, 88], потребители: [1, 168, 19]
2025-04-06 00:46:23,968 - INFO - Экспорт результата в формате txt, файл: /home/mikella/Documents/Projects/TPGenSolve/g2
2025-04-06 00:57:22,079 - INFO - Приложение запущено.
2025-04-06 00:57:34,168 - INFO - Генерация сбалансированной транспортной задачи: n=3, m=3
2025-04-06 00:57:34,168 - INFO - Сгенерированные поставщики: [67, 45, 28], потребители: [54, 62, 24]
2025-04-06 00:57:39,224 - INFO - Экспорт результата в формате txt, файл: /home/mikella/Documents/Projects/TPGenSolve/g3
2025-04-06 01:01:24,729 - INFO - Приложение запущено.
2025-04-06 01:01:33,249 - INFO - Генерация сбалансированной транспортной задачи: n=3, m=3
2025-04-06 01:01:33,249 - INFO - Сгенерированные поставщики: [82, 45, 54], потребители: [9, 3, 169]
2025-04-06 01:01:37,178 - INFO - Экспорт результата в формате txt, файл: /home/mikella/Documents/Projects/TPGenSolve/g4
2025-04-06 01:03:00,824 - INFO - Генерация сбалансированной транспортной задачи: n=3, m=4
2025-04-06 01:03:00,824 - INFO - Сгенерированные поставщики: [85, 64, 14], потребители: [8, 16, 32, 107]
2025-04-06 01:03:04,481 - INFO - Экспорт результата в формате txt, файл: /home/mikella/Documents/Projects/TPGenSolve/g5
2025-04-06 01:05:38,703 - INFO - Генерация сбалансированной транспортной задачи: n=3, m=4
2025-04-06 01:05:38,704 - INFO - Сгенерированные поставщики: [13, 21, 37], потребители: [4, 26, 35, 6]
2025-04-06 01:05:43,310 - INFO - Экспорт результата в формате txt, файл: /home/mikella/Documents/Projects/TPGenSolve/g6
2025-04-06 01:07:55,549 - INFO - Приложение запущено.
2025-04-06 01:08:09,231 - INFO - Генерация сбалансированной транспортной задачи: n=3, m=3
2025-04-06 01:08:09,231 - INFO - Сгенерированные поставщики: [35, 30, 68], потребители: [32, 73, 28]
2025-04-06 01:08:15,713 - INFO - Экспорт результата в формате txt, файл: /home/mikella/Documents/Projects/TPGenSolve/g7
2025-04-06 01:11:53,320 - INFO - Приложение запущено.
2025-04-06 01:12:04,137 - INFO - Генерация сбалансированной транспортной задачи: n=3, m=3
2025-04-06 01:12:04,138 - INFO - Сгенерированные поставщики: [68, 51, 43], потребители: [38, 111, 13]
2025-04-06 01:12:07,890 - INFO - Экспорт результата в формате txt, файл: /home/mikella/Documents/Projects/TPGenSolve/g8
2025-04-06 01:12:54,918 - INFO - Генерация сбалансированной транспортной задачи: n=3, m=3
2025-04-06 01:12:54,919 - INFO - Сгенерированные поставщики: [85, 64, 14], потребители: [8, 16, 139]
2025-04-06 01:12:58,950 - INFO - Экспорт результата в формате txt, файл: /home/mikella/Documents/Projects/TPGenSolve/g9
2025-04-06 01:18:20,053 - INFO - Приложение запущено.
2025-04-06 01:21:59,175 - INFO - Приложение запущено.
2025-04-06 01:22:13,078 - INFO - Генерация сбалансированной транспортной задачи: n=3, m=3
2025-04-06 01:22:13,078 - INFO - Сгенерированные поставщики: [23, 62, 81], потребители: [37, 110, 19]
2025-04-06 01:22:35,709 - INFO - Генерация сбалансированной транспортной задачи: n=3, m=3
2025-04-06 01:22:35,709 - INFO - Сгенерированные поставщики: [85, 64, 14], потребители: [8, 16, 139]
2025-04-06 01:26:52,301 - INFO - Приложение запущено.
2025-04-06 01:27:01,316 - INFO - Генерация сбалансированной транспортной задачи: n=3, m=3
2025-04-06 01:27:01,316 - INFO - Сгенерированные поставщики: [79, 30, 98], потребители: [51, 70, 86]
2025-04-06 01:27:24,478 - INFO - Генерация сбалансированной транспортной задачи: n=3, m=3
2025-04-06 01:27:24,478 - INFO - Сгенерированные поставщики: [85, 64, 14], потребители: [8, 16, 139]
2025-04-06 01:28:13,064 - INFO - Генерация сбалансированной транспортной задачи: n=3, m=3
2025-04-06 01:28:13,064 - INFO - Сгенерированные поставщики: [85, 64, 14], потребители: [8, 16, 139]
2025-04-06 01:28:24,447 - INFO - Генерация сбалансированной транспортной задачи: n=3, m=3
2025-04-06 01:28:24,448 - INFO - Сгенерированные поставщики: [85, 64, 14], потребители: [8, 16, 139]
2025-04-06 01:30:16,144 - INFO - Приложение запущено.
2025-04-06 01:30:24,119 - INFO - Генерация сбалансированной транспортной задачи: n=3, m=3
2025-04-06 01:30:24,120 - INFO - Сгенерированные поставщики: [84, 26, 93], потребители: [78, 30, 95]
2025-04-06 01:31:04,690 - INFO - Генерация сбалансированной транспортной задачи: n=3, m=3
2025-04-06 01:31:04,690 - INFO - Сгенерированные поставщики: [85, 64, 14], потребители: [8, 16, 139]
2025-04-06 01:53:48,904 - INFO - Приложение запущено.
2025-04-06 02:01:00,429 - INFO - Приложение запущено.
2025-04-06 02:06:20,386 - INFO - Приложение запущено.
2025-04-06 11:11:11,327 - INFO - Приложение запущено.
2025-04-06 11:40:36,360 - INFO - Приложение запущено.
2025-04-06 11:42:33,264 - INFO - Экспорт результата в формате word, файл: /home/mikella/Documents/Projects/TPGenSolve/word1, g8
2025-04-06 11:48:46,421 - INFO - Приложение запущено.
2025-04-06 11:49:46,883 - INFO - Экспорт результата в формате word, файл: /home/mikella/Documents/Projects/TPGenSolve/word1, g9
2025-04-06 11:52:36,527 - INFO - Приложение запущено.
2025-04-06 11:53:23,823 - INFO - Экспорт результата в формате word, файл: /home/mikella/Documents/Projects/TPGenSolve/цщкв2б п9
2025-04-06 11:56:12,778 - INFO - Приложение запущено.
2025-04-06 11:57:02,119 - INFO - Экспорт результата в формате word, файл: /home/mikella/Documents/Projects/TPGenSolve/word1, g7
2025-04-06 12:08:06,726 - INFO - Приложение запущено.
2025-04-06 12:08:33,003 - INFO - Запрос решения задачи: n=3, m=4, solution_type=0
2025-04-06 12:08:33,003 - INFO - Начало генерации задачи: n=3, m=4
2025-04-06 12:08:33,004 - INFO - Сгенерированы поставщики: [11, 55, 29], потребители: [29, 44, 5, 17], матрица стоимостей: [[17, 7, 15, 13], [14, 10, 6, 4], [4, 17, 16, 20]]
2025-04-06 12:08:33,004 - INFO - Формирование блока условий
2025-04-06 12:08:43,465 - INFO - Экспорт результата в формате txt, файл: /home/mikella/Documents/Projects/TPGenSolve/gen1
2025-04-06 12:09:04,007 - INFO - Создание полей ввода для поставщиков, потребителей и матрицы стоимостей
2025-04-06 12:10:05,316 - INFO - Запуск решения задачи
2025-04-06 12:10:05,319 - INFO - Начало подробного решения транспортной задачи
2025-04-06 12:10:05,320 - INFO - Результат решения получен
2025-04-06 12:10:37,007 - INFO - Экспорт результата в формате word, файл: /home/mikella/Documents/Projects/TPGenSolve/sol1
2025-04-06 12:12:41,375 - INFO - Приложение запущено.
2025-04-06 12:12:57,464 - INFO - Запрос решения задачи: n=3, m=5, solution_type=0
2025-04-06 12:12:57,464 - INFO - Начало генерации задачи: n=3, m=5
2025-04-06 12:12:57,465 - INFO - Сгенерированы поставщики: [32, 66, 37], потребители: [11, 5, 51, 52, 16], матрица стоимостей: [[4, 16, 14, 1, 11], [20, 14, 18, 20, 3], [16, 14, 6, 7, 13]]
2025-04-06 12:12:57,465 - INFO - Формирование блока условий
2025-04-06 12:13:03,477 - INFO - Экспорт результата в формате txt, файл: /home/mikella/Documents/Projects/TPGenSolve/gen1
2025-04-06 12:13:23,703 - INFO - Создание полей ввода для поставщиков, потребителей и матрицы стоимостей
2025-04-06 12:14:00,687 - INFO - Запуск решения задачи
2025-04-06 12:14:00,687 - INFO - Запрос решения задачи: n=[32.0, 66.0, 37.0], m=[11.0, 5.0, 51.0, 52.0, 16.0], solution_type=1, cost=
[[4.0, 16.0, 14.0, 1.0, 11.0], [20.0, 14.0, 18.0, 20.0, 3.0], [16.0, 14.0, 6.0, 7.0, 13.0]]
2025-04-06 12:14:00,688 - INFO - Начало подробного решения транспортной задачи
2025-04-06 12:14:00,689 - INFO - Результат решения получен
2025-04-06 12:14:04,252 - INFO - Экспорт результата в формате word, файл: /home/mikella/Documents/Projects/TPGenSolve/sol1
2025-04-06 12:35:20,173 - INFO - Приложение запущено.
2025-04-06 12:35:33,268 - INFO - Открытие диалога импорта файла
2025-04-06 12:35:57,938 - INFO - Открытие диалога импорта файла
2025-04-06 12:36:00,131 - INFO - Импорт файла: /home/mikella/Documents/Projects/TPGenSolve/gen1.txt
2025-04-06 12:36:00,132 - ERROR - Ошибка при импорте: name 'ast' is not defined
2025-04-06 12:36:45,806 - INFO - Открытие диалога импорта файла
2025-04-06 12:36:47,493 - INFO - Импорт файла: /home/mikella/Documents/Projects/TPGenSolve/gen1.txt
2025-04-06 12:36:47,493 - ERROR - Ошибка при импорте: name 'ast' is not defined
2025-04-06 12:37:05,537 - INFO - Открытие диалога импорта файла
2025-04-06 12:37:09,446 - INFO - Импорт файла: /home/mikella/Documents/Projects/TPGenSolve/gen1.txt
2025-04-06 12:37:09,446 - ERROR - Ошибка при импорте: name 'ast' is not defined
2025-04-06 12:37:14,684 - INFO - Открытие диалога импорта файла
2025-04-06 12:37:16,582 - INFO - Импорт файла: /home/mikella/Documents/Projects/TPGenSolve/gen1.txt
2025-04-06 12:37:16,582 - ERROR - Ошибка при импорте: name 'ast' is not defined
2025-04-06 12:38:59,241 - INFO - Приложение запущено.
2025-04-06 12:39:04,786 - INFO - Открытие диалога импорта файла
2025-04-06 12:39:06,066 - INFO - Импорт файла: /home/mikella/Documents/Projects/TPGenSolve/gen1.txt
2025-04-06 12:39:06,067 - INFO - Создание полей ввода для поставщиков, потребителей и матрицы стоимостей
2025-04-06 12:39:07,992 - INFO - Импорт успешен: suppliers=[32, 66, 37], consumers=[11, 5, 51, 52, 16], cost=[[4.0, 16.0, 14.0, 1.0, 11.0], [20.0, 14.0, 18.0, 20.0, 3.0], [16.0, 14.0, 6.0, 7.0, 13.0]]
2025-04-06 12:39:28,546 - INFO - Запрос решения задачи: n=4, m=4, solution_type=0
2025-04-06 12:39:28,546 - INFO - Начало генерации задачи: n=4, m=4
2025-04-06 12:39:28,546 - INFO - Сгенерированы поставщики: [44, 58, 30, 60], потребители: [64, 22, 72, 34], матрица стоимостей: [[12, 19, 15, 18], [1, 11, 15, 13], [13, 5, 16, 10], [8, 9, 11, 3]]
2025-04-06 12:39:28,546 - INFO - Формирование блока условий
2025-04-06 12:39:36,219 - INFO - Экспорт результата в формате txt, файл: /home/mikella/Documents/Projects/TPGenSolve/gen2.txt
2025-04-06 12:39:51,234 - INFO - Открытие диалога импорта файла
2025-04-06 12:39:52,495 - INFO - Импорт файла: /home/mikella/Documents/Projects/TPGenSolve/gen2.txt
2025-04-06 12:39:52,496 - INFO - Создание полей ввода для поставщиков, потребителей и матрицы стоимостей
2025-04-06 12:39:53,484 - INFO - Импорт успешен: suppliers=[44, 58, 30, 60], consumers=[64, 22, 72, 34], cost=[[12.0, 19.0, 15.0, 18.0], [1.0, 11.0, 15.0, 13.0], [13.0, 5.0, 16.0, 10.0], [8.0, 9.0, 11.0, 3.0]]
2025-04-06 12:40:20,040 - INFO - Запуск решения задачи
2025-04-06 12:40:20,040 - INFO - Запрос решения задачи: n=[44.0, 58.0, 30.0, 60.0], m=[64.0, 22.0, 72.0, 34.0], solution_type=2, cost=
[[12.0, 19.0, 15.0, 18.0], [1.0, 11.0, 15.0, 13.0], [13.0, 5.0, 16.0, 10.0], [8.0, 9.0, 11.0, 3.0]]
2025-04-06 12:40:20,041 - INFO - Начало краткого решения транспортной задачи
2025-04-06 12:40:20,041 - INFO - Результат решения получен
2025-04-06 12:52:12,142 - INFO - Запуск решения задачи
2025-04-06 12:52:12,143 - INFO - Запрос решения задачи: n=[44.0, 58.0, 30.0, 60.0], m=[64.0, 22.0, 72.0, 34.0], solution_type=1, cost=
[[12.0, 19.0, 15.0, 18.0], [1.0, 11.0, 15.0, 13.0], [13.0, 5.0, 16.0, 10.0], [8.0, 9.0, 11.0, 3.0]]
2025-04-06 12:52:12,143 - INFO - Начало подробного решения транспортной задачи
2025-04-06 12:52:12,143 - INFO - Результат решения получен
2025-04-06 13:09:50,270 - INFO - Приложение запущено.
2025-04-06 13:10:10,812 - INFO - Экспорт результата в формате txt, файл: /home/mikella/Documents/Projects/TPGenSolve/gen3.txt
2025-04-06 13:10:29,305 - INFO - Открытие диалога импорта файла
2025-04-06 13:10:31,341 - INFO - Импорт файла: /home/mikella/Documents/Projects/TPGenSolve/gen3.txt
2025-04-06 13:10:31,342 - INFO - Создание полей ввода для поставщиков, потребителей и матрицы стоимостей
2025-04-06 13:10:32,570 - INFO - Импорт успешен: suppliers=[36, 78, 91], consumers=[101, 95, 9], cost=[[14.0, 20.0, 3.0], [8.0, 12.0, 5.0], [8.0, 8.0, 14.0]]
2025-04-06 13:10:43,585 - INFO - Запуск решения задачи
2025-04-06 13:13:13,389 - INFO - Приложение запущено.
2025-04-06 13:13:15,745 - INFO - Открытие диалога импорта файла
2025-04-06 13:13:18,200 - INFO - Импорт файла: /home/mikella/Documents/Projects/TPGenSolve/gen3.txt
2025-04-06 13:13:18,201 - INFO - Создание полей ввода для поставщиков, потребителей и матрицы стоимостей
2025-04-06 13:13:19,768 - INFO - Импорт успешен: suppliers=[36, 78, 91], consumers=[101, 95, 9], cost=[[14.0, 20.0, 3.0], [8.0, 12.0, 5.0], [8.0, 8.0, 14.0]]
2025-04-06 13:13:30,240 - INFO - Запуск решения задачи
2025-04-06 13:13:50,748 - INFO - Приложение запущено.
2025-04-06 13:13:53,849 - INFO - Открытие диалога импорта файла
2025-04-06 13:13:55,453 - INFO - Импорт файла: /home/mikella/Documents/Projects/TPGenSolve/gen3.txt
2025-04-06 13:13:55,453 - INFO - Создание полей ввода для поставщиков, потребителей и матрицы стоимостей
2025-04-06 13:13:56,409 - INFO - Импорт успешен: suppliers=[36, 78, 91], consumers=[101, 95, 9], cost=[[14.0, 20.0, 3.0], [8.0, 12.0, 5.0], [8.0, 8.0, 14.0]]
2025-04-06 13:13:59,135 - INFO - Запуск решения задачи
2025-04-06 13:15:58,253 - INFO - Приложение запущено.
2025-04-06 13:16:01,395 - INFO - Открытие диалога импорта файла
2025-04-06 13:16:03,263 - INFO - Импорт файла: /home/mikella/Documents/Projects/TPGenSolve/gen3.txt
2025-04-06 13:16:03,264 - INFO - Создание полей ввода для поставщиков, потребителей и матрицы стоимостей
2025-04-06 13:16:04,155 - INFO - Импорт успешен: suppliers=[36, 78, 91], consumers=[101, 95, 9], cost=[[14.0, 20.0, 3.0], [8.0, 12.0, 5.0], [8.0, 8.0, 14.0]]
2025-04-06 13:16:07,838 - INFO - Запуск решения задачи
2025-04-06 13:16:43,974 - INFO - Приложение запущено.
2025-04-06 13:16:46,712 - INFO - Открытие диалога импорта файла
2025-04-06 13:16:47,948 - INFO - Импорт файла: /home/mikella/Documents/Projects/TPGenSolve/gen3.txt
2025-04-06 13:16:47,948 - INFO - Создание полей ввода для поставщиков, потребителей и матрицы стоимостей
2025-04-06 13:16:48,928 - INFO - Импорт успешен: suppliers=[36, 78, 91], consumers=[101, 95, 9], cost=[[14.0, 20.0, 3.0], [8.0, 12.0, 5.0], [8.0, 8.0, 14.0]]
2025-04-06 13:16:51,014 - INFO - Запуск решения задачи
2025-04-06 13:17:41,514 - INFO - Приложение запущено.
2025-04-06 13:17:44,097 - INFO - Открытие диалога импорта файла
2025-04-06 13:17:45,484 - INFO - Импорт файла: /home/mikella/Documents/Projects/TPGenSolve/gen3.txt
2025-04-06 13:17:45,485 - INFO - Создание полей ввода для поставщиков, потребителей и матрицы стоимостей
2025-04-06 13:17:46,261 - INFO - Импорт успешен: suppliers=[36, 78, 91], consumers=[101, 95, 9], cost=[[14.0, 20.0, 3.0], [8.0, 12.0, 5.0], [8.0, 8.0, 14.0]]
2025-04-06 13:17:49,772 - INFO - Запуск решения задачи
2025-04-06 13:18:57,969 - INFO - Приложение запущено.
2025-04-06 13:19:01,225 - INFO - Открытие диалога импорта файла
2025-04-06 13:19:02,679 - INFO - Импорт файла: /home/mikella/Documents/Projects/TPGenSolve/gen3.txt
2025-04-06 13:19:02,680 - INFO - Создание полей ввода для поставщиков, потребителей и матрицы стоимостей
2025-04-06 13:19:03,956 - INFO - Импорт успешен: suppliers=[36, 78, 91], consumers=[101, 95, 9], cost=[[14.0, 20.0, 3.0], [8.0, 12.0, 5.0], [8.0, 8.0, 14.0]]
2025-04-06 13:19:06,592 - INFO - Запуск решения задачи
2025-04-06 13:19:06,593 - INFO - Результат решения получен
2025-04-06 13:19:19,894 - INFO - Экспорт результата в формате txt, файл: /home/mikella/Documents/Projects/TPGenSolve/txt1.txt
2025-04-06 13:35:01,652 - INFO - Приложение запущено.
2025-04-06 13:35:17,627 - INFO - Экспорт результата в формате txt, файл: /home/mikella/Documents/Projects/TPGenSolve/gen4.txt
2025-04-06 13:35:28,531 - INFO - Открытие диалога импорта файла
2025-04-06 13:35:29,895 - INFO - Импорт файла: /home/mikella/Documents/Projects/TPGenSolve/gen4.txt
2025-04-06 13:35:29,896 - INFO - Создание полей ввода для поставщиков, потребителей и матрицы стоимостей
2025-04-06 13:35:31,042 - INFO - Импорт успешен: suppliers=[27, 43], consumers=[57, 13], cost=[[20.0, 13.0], [17.0, 15.0]]
2025-04-06 13:35:38,414 - INFO - Запуск решения задачи
2025-04-06 13:38:10,605 - INFO - Приложение запущено.
2025-04-06 13:38:14,369 - INFO - Открытие диалога импорта файла
2025-04-06 13:38:15,607 - INFO - Импорт файла: /home/mikella/Documents/Projects/TPGenSolve/gen4.txt
2025-04-06 13:38:15,607 - INFO - Создание полей ввода для поставщиков, потребителей и матрицы стоимостей
2025-04-06 13:38:16,990 - INFO - Импорт успешен: suppliers=[27, 43], consumers=[57, 13], cost=[[20.0, 13.0], [17.0, 15.0]]
2025-04-06 13:38:18,832 - INFO - Запуск решения задачи
2025-04-06 13:38:18,832 - INFO - Результат решения получен
2025-04-06 13:38:25,178 - INFO - Экспорт результата в формате txt, файл: /home/mikella/Documents/Projects/TPGenSolve/txt2.txt
2025-04-06 13:43:50,006 - INFO - Приложение запущено.
2025-04-06 13:44:22,456 - INFO - Приложение закрыто.
2025-04-06 13:45:43,757 - INFO - Приложение запущено.
2025-04-06 13:46:12,402 - INFO - Приложение закрыто.
2025-04-06 13:47:09,449 - INFO - Приложение запущено.
2025-04-06 13:47:20,012 - INFO - Экспорт результата в формате txt, файл: /home/mikella/Documents/Projects/TPGenSolve/gen1.txt
2025-04-06 13:47:32,246 - INFO - Открытие диалога импорта файла
2025-04-06 13:47:33,450 - INFO - Импорт файла: /home/mikella/Documents/Projects/TPGenSolve/gen1.txt
2025-04-06 13:47:33,451 - INFO - Создание полей ввода для поставщиков, потребителей и матрицы стоимостей
2025-04-06 13:47:34,514 - INFO - Импорт успешен: suppliers=[17, 24, 45, 44], consumers=[45, 59, 3, 23], cost=[[8.0, 19.0, 19.0, 15.0], [14.0, 7.0, 5.0, 19.0], [10.0, 17.0, 2.0, 14.0], [16.0, 3.0, 14.0, 6.0]]
2025-04-06 13:47:39,035 - INFO - Запуск решения задачи
2025-04-06 13:47:39,037 - INFO - Результат решения получен
2025-04-06 13:47:56,105 - INFO - Экспорт результата в формате word, файл: /home/mikella/Documents/Projects/TPGenSolve/sol1,word1.doc
2025-04-06 13:48:03,990 - INFO - Приложение закрыто.
2025-04-06 13:56:53,747 - INFO - Приложение запущено.
2025-04-06 13:57:13,635 - INFO - Экспорт результата в формате txt, файл: /home/mikella/Documents/Projects/TPGenSolve/gen2.txt
2025-04-06 13:57:31,251 - INFO - Открытие диалога импорта файла
2025-04-06 13:57:32,369 - INFO - Импорт файла: /home/mikella/Documents/Projects/TPGenSolve/gen2.txt
2025-04-06 13:57:32,369 - INFO - Создание полей ввода для поставщиков, потребителей и матрицы стоимостей
2025-04-06 13:57:33,367 - INFO - Импорт успешен: suppliers=[54, 47, 53, 30, 32, 64], consumers=[91, 16, 22, 30, 94, 27], cost=[[7.0, 20.0, 15.0, 11.0, 8.0, 2.0], [8.0, 11.0, 12.0, 7.0, 12.0, 16.0], [2.0, 1.0, 10.0, 19.0, 8.0, 19.0], [1.0, 10.0, 15.0, 5.0, 15.0, 16.0], [14.0, 13.0, 9.0, 14.0, 16.0, 7.0], [19.0, 4.0, 16.0, 7.0, 15.0, 4.0]]
2025-04-06 13:57:53,951 - INFO - Запуск решения задачи
2025-04-06 13:57:53,953 - INFO - Результат решения получен
2025-04-06 13:58:01,801 - INFO - Экспорт результата в формате txt, файл: /home/mikella/Documents/Projects/TPGenSolve/sol2.txt
2025-04-06 13:58:07,252 - INFO - Приложение закрыто.
2025-04-06 14:01:30,080 - INFO - Приложение запущено.
2025-04-06 14:01:44,318 - INFO - Экспорт результата в формате txt, файл: /home/mikella/Documents/Projects/TPGenSolve/gen2.txt
2025-04-06 14:01:52,781 - INFO - Открытие диалога импорта файла
2025-04-06 14:01:54,214 - INFO - Импорт файла: /home/mikella/Documents/Projects/TPGenSolve/gen2.txt
2025-04-06 14:01:54,215 - INFO - Создание полей ввода для поставщиков, потребителей и матрицы стоимостей
2025-04-06 14:01:55,239 - INFO - Импорт успешен: suppliers=[99, 23, 24, 30, 57, 62, 72, 15], consumers=[1, 160, 84, 38, 73, 2, 13, 11], cost=[[10.0, 2.0, 14.0, 17.0, 7.0, 11.0, 2.0, 15.0], [1.0, 9.0, 16.0, 11.0, 3.0, 11.0, 10.0, 13.0], [2.0, 3.0, 9.0, 17.0, 13.0, 2.0, 7.0, 14.0], [3.0, 9.0, 6.0, 7.0, 15.0, 4.0, 1.0, 12.0], [4.0, 6.0, 15.0, 9.0, 6.0, 4.0, 16.0, 20.0], [9.0, 14.0, 20.0, 9.0, 11.0, 1.0, 6.0, 15.0], [9.0, 11.0, 8.0, 10.0, 11.0, 4.0, 2.0, 13.0], [12.0, 12.0, 18.0, 18.0, 19.0, 4.0, 12.0, 16.0]]
2025-04-06 14:02:21,411 - INFO - Экспорт результата в формате txt, файл: /home/mikella/Documents/Projects/TPGenSolve/gen3.txt
2025-04-06 14:02:27,911 - INFO - Открытие диалога импорта файла
2025-04-06 14:02:29,266 - INFO - Импорт файла: /home/mikella/Documents/Projects/TPGenSolve/gen3.txt
2025-04-06 14:02:29,266 - INFO - Создание полей ввода для поставщиков, потребителей и матрицы стоимостей
2025-04-06 14:02:30,266 - INFO - Импорт успешен: suppliers=[32, 72, 100], consumers=[27, 164, 13], cost=[[1.0, 9.0, 3.0], [2.0, 14.0, 15.0], [13.0, 17.0, 7.0]]
2025-04-06 14:02:35,320 - INFO - Запуск решения задачи
2025-04-06 14:02:35,320 - INFO - Результат решения получен
2025-04-06 14:02:42,156 - INFO - Экспорт результата в формате txt, файл: /home/mikella/Documents/Projects/TPGenSolve/sol3.txt
2025-04-06 14:04:34,952 - INFO - Приложение закрыто.
2025-04-06 14:05:53,000 - INFO - Приложение запущено.
2025-04-06 14:12:33,518 - INFO - Приложение запущено.
2025-04-06 14:12:42,053 - INFO - Открытие диалога импорта файла
2025-04-06 14:12:44,536 - INFO - Импорт файла: /home/mikella/Documents/Projects/TPGenSolve/gen2.txt
2025-04-06 14:12:44,537 - INFO - Создание полей ввода для поставщиков, потребителей и матрицы стоимостей
2025-04-06 14:12:46,220 - INFO - Импорт успешен: suppliers=[99, 23, 24, 30, 57, 62, 72, 15], consumers=[1, 160, 84, 38, 73, 2, 13, 11], cost=[[10.0, 2.0, 14.0, 17.0, 7.0, 11.0, 2.0, 15.0], [1.0, 9.0, 16.0, 11.0, 3.0, 11.0, 10.0, 13.0], [2.0, 3.0, 9.0, 17.0, 13.0, 2.0, 7.0, 14.0], [3.0, 9.0, 6.0, 7.0, 15.0, 4.0, 1.0, 12.0], [4.0, 6.0, 15.0, 9.0, 6.0, 4.0, 16.0, 20.0], [9.0, 14.0, 20.0, 9.0, 11.0, 1.0, 6.0, 15.0], [9.0, 11.0, 8.0, 10.0, 11.0, 4.0, 2.0, 13.0], [12.0, 12.0, 18.0, 18.0, 19.0, 4.0, 12.0, 16.0]]
2025-04-06 14:13:23,138 - INFO - Приложение закрыто.
2025-04-06 14:19:34,155 - INFO - Приложение запущено.
2025-04-06 14:19:39,508 - INFO - Открытие диалога импорта файла
2025-04-06 14:19:41,308 - INFO - Импорт файла: /home/mikella/Documents/Projects/TPGenSolve/gen2.txt
2025-04-06 14:19:41,308 - INFO - Создание полей ввода для поставщиков, потребителей и матрицы стоимостей
2025-04-06 14:19:42,363 - INFO - Импорт успешен: suppliers=[99, 23, 24, 30, 57, 62, 72, 15], consumers=[1, 160, 84, 38, 73, 2, 13, 11], cost=[[10.0, 2.0, 14.0, 17.0, 7.0, 11.0, 2.0, 15.0], [1.0, 9.0, 16.0, 11.0, 3.0, 11.0, 10.0, 13.0], [2.0, 3.0, 9.0, 17.0, 13.0, 2.0, 7.0, 14.0], [3.0, 9.0, 6.0, 7.0, 15.0, 4.0, 1.0, 12.0], [4.0, 6.0, 15.0, 9.0, 6.0, 4.0, 16.0, 20.0], [9.0, 14.0, 20.0, 9.0, 11.0, 1.0, 6.0, 15.0], [9.0, 11.0, 8.0, 10.0, 11.0, 4.0, 2.0, 13.0], [12.0, 12.0, 18.0, 18.0, 19.0, 4.0, 12.0, 16.0]]
2025-04-06 14:20:27,106 - INFO - Запуск решения задачи
2025-04-06 14:20:27,110 - INFO - Результат решения получен
2025-04-06 14:21:12,276 - INFO - Приложение закрыто.
2025-04-06 14:21:26,310 - INFO - Приложение запущено.
2025-04-06 14:21:29,107 - INFO - Открытие диалога импорта файла
2025-04-06 14:21:30,780 - INFO - Импорт файла: /home/mikella/Documents/Projects/TPGenSolve/gen2.txt
2025-04-06 14:21:30,780 - INFO - Создание полей ввода для поставщиков, потребителей и матрицы стоимостей
2025-04-06 14:21:31,719 - INFO - Импорт успешен: suppliers=[99, 23, 24, 30, 57, 62, 72, 15], consumers=[1, 160, 84, 38, 73, 2, 13, 11], cost=[[10.0, 2.0, 14.0, 17.0, 7.0, 11.0, 2.0, 15.0], [1.0, 9.0, 16.0, 11.0, 3.0, 11.0, 10.0, 13.0], [2.0, 3.0, 9.0, 17.0, 13.0, 2.0, 7.0, 14.0], [3.0, 9.0, 6.0, 7.0, 15.0, 4.0, 1.0, 12.0], [4.0, 6.0, 15.0, 9.0, 6.0, 4.0, 16.0, 20.0], [9.0, 14.0, 20.0, 9.0, 11.0, 1.0, 6.0, 15.0], [9.0, 11.0, 8.0, 10.0, 11.0, 4.0, 2.0, 13.0], [12.0, 12.0, 18.0, 18.0, 19.0, 4.0, 12.0, 16.0]]
2025-04-06 14:21:34,833 - INFO - Запуск решения задачи
2025-04-06 14:21:34,837 - INFO - Результат решения получен
2025-04-06 14:21:44,255 - INFO - Приложение закрыто.
2025-04-06 14:22:33,998 - INFO - Приложение запущено.
2025-04-06 14:22:37,179 - INFO - Открытие диалога импорта файла
2025-04-06 14:22:38,548 - INFO - Импорт файла: /home/mikella/Documents/Projects/TPGenSolve/gen2.txt
2025-04-06 14:22:38,548 - INFO - Создание полей ввода для поставщиков, потребителей и матрицы стоимостей
2025-04-06 14:22:39,609 - INFO - Импорт успешен: suppliers=[99, 23, 24, 30, 57, 62, 72, 15], consumers=[1, 160, 84, 38, 73, 2, 13, 11], cost=[[10.0, 2.0, 14.0, 17.0, 7.0, 11.0, 2.0, 15.0], [1.0, 9.0, 16.0, 11.0, 3.0, 11.0, 10.0, 13.0], [2.0, 3.0, 9.0, 17.0, 13.0, 2.0, 7.0, 14.0], [3.0, 9.0, 6.0, 7.0, 15.0, 4.0, 1.0, 12.0], [4.0, 6.0, 15.0, 9.0, 6.0, 4.0, 16.0, 20.0], [9.0, 14.0, 20.0, 9.0, 11.0, 1.0, 6.0, 15.0], [9.0, 11.0, 8.0, 10.0, 11.0, 4.0, 2.0, 13.0], [12.0, 12.0, 18.0, 18.0, 19.0, 4.0, 12.0, 16.0]]
2025-04-06 14:22:42,446 - INFO - Запуск решения задачи
2025-04-06 14:22:42,450 - INFO - Результат решения получен
2025-04-06 14:23:08,780 - INFO - Приложение закрыто.
2025-04-06 14:25:31,463 - INFO - Приложение запущено.
2025-04-06 14:27:13,551 - INFO - Приложение закрыто.
2025-04-07 15:11:35,094 - INFO - Приложение запущено.
2025-04-07 15:12:08,965 - INFO - Экспорт результата в формате txt, файл: /home/mikella/Documents/Projects/TPGenSolve/gen4.txt
2025-04-07 15:12:41,311 - INFO - Открытие диалога импорта файла
2025-04-07 15:12:43,310 - INFO - Импорт файла: /home/mikella/Documents/Projects/TPGenSolve/gen4.txt
2025-04-07 15:12:43,310 - INFO - Создание полей ввода для поставщиков, потребителей и матрицы стоимостей
2025-04-07 15:12:44,450 - INFO - Импорт успешен: suppliers=[38, 26, 44], consumers=[58, 20, 20, 10], cost=[[1.0, 8.0, 17.0, 20.0], [12.0, 14.0, 14.0, 16.0], [5.0, 10.0, 9.0, 2.0]]
2025-04-07 15:12:51,118 - INFO - Запуск решения задачи
2025-04-07 15:12:51,119 - INFO - Результат решения получен
2025-04-07 15:13:03,232 - INFO - Запуск решения задачи
2025-04-07 15:13:03,233 - INFO - Результат решения получен
2025-04-07 15:14:13,340 - INFO - Открытие диалога импорта файла
2025-04-07 15:14:24,176 - INFO - Запуск решения задачи
2025-04-07 15:14:24,177 - INFO - Результат решения получен
2025-04-07 15:14:32,940 - INFO - Экспорт результата в формате txt, файл: /home/mikella/Documents/Projects/TPGenSolve/sol4.txt
2025-04-07 15:14:55,171 - INFO - Приложение закрыто.
2025-04-07 15:26:31,801 - INFO - Приложение запущено.
2025-04-07 15:26:37,755 - INFO - Открытие диалога импорта файла
2025-04-07 15:26:39,510 - INFO - Импорт файла: /home/mikella/Documents/Projects/TPGenSolve/gen2.txt
2025-04-07 15:26:39,510 - INFO - Создание полей ввода для поставщиков, потребителей и матрицы стоимостей
2025-04-07 15:26:40,481 - INFO - Импорт успешен: suppliers=[99, 23, 24, 30, 57, 62, 72, 15], consumers=[1, 160, 84, 38, 73, 2, 13, 11], cost=[[10.0, 2.0, 14.0, 17.0, 7.0, 11.0, 2.0, 15.0], [1.0, 9.0, 16.0, 11.0, 3.0, 11.0, 10.0, 13.0], [2.0, 3.0, 9.0, 17.0, 13.0, 2.0, 7.0, 14.0], [3.0, 9.0, 6.0, 7.0, 15.0, 4.0, 1.0, 12.0], [4.0, 6.0, 15.0, 9.0, 6.0, 4.0, 16.0, 20.0], [9.0, 14.0, 20.0, 9.0, 11.0, 1.0, 6.0, 15.0], [9.0, 11.0, 8.0, 10.0, 11.0, 4.0, 2.0, 13.0], [12.0, 12.0, 18.0, 18.0, 19.0, 4.0, 12.0, 16.0]]
2025-04-07 15:26:45,893 - INFO - Запуск решения задачи
2025-04-07 15:26:45,897 - INFO - Результат решения получен
2025-04-07 15:27:01,282 - INFO - Приложение закрыто.
2025-04-07 15:34:29,227 - INFO - Приложение запущено.
2025-04-07 15:34:41,828 - INFO - Приложение закрыто.
2025-04-14 16:56:24,509 - INFO - Приложение запущено.
2025-04-14 16:57:42,608 - INFO - Экспорт результата в формате txt, файл: /home/mikella/Documents/Projects/TPGenSolve/gen.txt
2025-04-14 16:57:50,513 - INFO - Открытие диалога импорта файла
2025-04-14 16:57:52,455 - INFO - Импорт файла: /home/mikella/Documents/Projects/TPGenSolve/gen.txt
2025-04-14 16:57:52,456 - INFO - Создание полей ввода для поставщиков, потребителей и матрицы стоимостей
2025-04-14 16:57:53,487 - INFO - Импорт успешен: suppliers=[78, 30, 73], consumers=[30, 94, 57], cost=[[10.0, 19.0, 12.0], [13.0, 18.0, 15.0], [12.0, 12.0, 7.0]]
2025-04-14 16:58:01,143 - INFO - Запуск решения задачи
2025-04-14 16:58:01,144 - INFO - Результат решения получен
2025-04-14 16:58:07,612 - INFO - Приложение закрыто.
2025-04-20 21:37:25,299 - INFO - Приложение запущено.
2025-04-20 21:54:17,997 - INFO - Открытие диалога импорта файла
2025-04-20 21:54:20,374 - INFO - Импорт файла: /home/mikella/Documents/Projects/TPGenSolve/gen.txt
2025-04-20 21:54:20,374 - INFO - Создание полей ввода для поставщиков, потребителей и матрицы стоимостей
2025-04-20 21:54:21,673 - INFO - Импорт успешен: suppliers=[78, 30, 73], consumers=[30, 94, 57], cost=[[10.0, 19.0, 12.0], [13.0, 18.0, 15.0], [12.0, 12.0, 7.0]]
2025-04-20 21:54:25,946 - INFO - Запуск решения задачи
2025-04-20 21:54:25,946 - INFO - Результат решения получен
2025-04-20 21:58:06,528 - INFO - Экспорт результата в формате txt, файл: /home/mikella/Documents/Projects/TPGenSolve/gen1.txt
2025-04-20 21:58:14,603 - INFO - Открытие диалога импорта файла
2025-04-20 21:58:16,102 - INFO - Импорт файла: /home/mikella/Documents/Projects/TPGenSolve/gen1.txt
2025-04-20 21:58:16,102 - INFO - Создание полей ввода для поставщиков, потребителей и матрицы стоимостей
2025-04-20 21:58:17,243 - INFO - Импорт успешен: suppliers=[47, 18], consumers=[42, 23], cost=[[19.0, 6.0], [12.0, 11.0]]
2025-04-20 21:58:20,774 - INFO - Запуск решения задачи
2025-04-20 21:58:20,774 - INFO - Результат решения получен
2025-04-20 22:21:02,623 - INFO - Приложение закрыто.
2025-04-20 22:22:42,050 - INFO - Приложение запущено.
2025-04-20 22:23:08,130 - INFO - Приложение закрыто.
2025-05-14 22:12:33,843 - INFO - Приложение запущено.
2025-05-14 22:17:45,514 - INFO - Приложение запущено.
2025-05-14 22:19:21,582 - INFO - Приложение запущено.
2025-05-14 22:19:29,506 - INFO - Приложение закрыто.
2025-05-14 22:20:09,977 - INFO - Приложение запущено.
2025-05-14 22:20:31,699 - INFO - Экспорт результата в формате txt, файл: /home/miquella/Документы/Project/RegularProjects/TPGenSolve/s1.txt
2025-05-14 22:20:40,528 - INFO - Открытие диалога импорта файла
2025-05-14 22:20:41,687 - INFO - Импорт файла: /home/miquella/Документы/Project/RegularProjects/TPGenSolve/s1.txt
2025-05-14 22:20:41,688 - INFO - Создание полей ввода для поставщиков, потребителей и матрицы стоимостей
2025-05-14 22:20:42,887 - INFO - Импорт успешен: suppliers=[50, 36, 97], consumers=[112, 24, 47], cost=[[6.0, 3.0, 19.0], [14.0, 7.0, 2.0], [13.0, 2.0, 6.0]]
2025-05-14 22:20:46,312 - INFO - Запуск решения задачи
2025-05-14 22:20:46,312 - INFO - Результат решения получен
2025-05-14 22:21:16,995 - INFO - Приложение закрыто.
2025-05-14 22:22:03,552 - INFO - Приложение запущено.
2025-05-14 22:22:31,608 - INFO - Экспорт результата в формате txt, файл: /home/miquella/Документы/Project/RegularProjects/TPGenSolve/s1.txt
2025-05-14 22:22:39,745 - INFO - Открытие диалога импорта файла
2025-05-14 22:22:40,864 - INFO - Импорт файла: /home/miquella/Документы/Project/RegularProjects/TPGenSolve/s1.txt
2025-05-14 22:22:40,865 - INFO - Создание полей ввода для поставщиков, потребителей и матрицы стоимостей
2025-05-14 22:22:41,938 - INFO - Импорт успешен: suppliers=[98, 17, 88], consumers=[32, 30, 141], cost=[[2.0, 16.0, 14.0], [2.0, 10.0, 5.0], [4.0, 3.0, 17.0]]
2025-05-14 22:22:49,722 - INFO - Запуск решения задачи
2025-05-14 22:22:49,723 - INFO - Результат решения получен
2025-05-14 22:23:06,500 - INFO - Экспорт результата в формате word, файл: /home/miquella/Документы/Project/RegularProjects/TPGenSolve/sol1.doc
2025-05-14 22:23:06,554 - ERROR - Библиотека python-docx не установлена.
2025-05-14 22:23:12,889 - INFO - Запуск решения задачи
2025-05-14 22:23:12,890 - INFO - Результат решения получен
2025-05-14 22:23:24,363 - INFO - Экспорт результата в формате word, файл: /home/miquella/Документы/Project/RegularProjects/TPGenSolve/sol.docx
2025-05-14 22:23:24,365 - ERROR - Библиотека python-docx не установлена.
2025-05-14 22:23:32,375 - INFO - Приложение закрыто.
2025-05-14 22:23:49,941 - INFO - Приложение запущено.
2025-05-14 22:23:54,948 - INFO - Открытие диалога импорта файла
2025-05-14 22:23:56,550 - INFO - Импорт файла: /home/miquella/Документы/Project/RegularProjects/TPGenSolve/s1.txt
2025-05-14 22:23:56,551 - INFO - Создание полей ввода для поставщиков, потребителей и матрицы стоимостей
2025-05-14 22:23:57,512 - INFO - Импорт успешен: suppliers=[98, 17, 88], consumers=[32, 30, 141], cost=[[2.0, 16.0, 14.0], [2.0, 10.0, 5.0], [4.0, 3.0, 17.0]]
2025-05-14 22:24:01,132 - INFO - Запуск решения задачи
2025-05-14 22:24:01,133 - INFO - Результат решения получен
2025-05-14 22:24:08,102 - INFO - Экспорт результата в формате word, файл: /home/miquella/Документы/Project/RegularProjects/TPGenSolve/sol1.docx
2025-05-14 22:24:12,880 - INFO - Приложение закрыто.
2025-05-14 22:41:28,244 - INFO - Приложение запущено.
2025-05-14 22:41:32,073 - INFO - Приложение закрыто.
